0 silly input [ 'build' ]
1 silly flags {
1 silly flags   _: [ 'run' ],
1 silly flags   'reject-cycles': false,
1 silly flags   rejectCycles: false,
1 silly flags   script: 'build',
1 silly flags   args: []
1 silly flags }
2 verbose rootPath /Users/akouki/Documents/Splunks/splunkui/conf2021
3 info version 2.11.0
4 silly existsSync /Users/akouki/Documents/Splunks/splunkui/conf2021/VERSION
5 silly initialize attempt
6 silly initialize success
7 silly execute attempt
8 silly runScriptInDir build [] custom-g-map
9 silly getExecOpts {
9 silly getExecOpts   cwd: '/Users/akouki/Documents/Splunks/splunkui/conf2021/packages/custom-g-map'
9 silly getExecOpts }
10 error build Errored while running script in '@splunk/custom-g-map'
11 error execute callback with error
12 error Error: Command failed: yarn run build
12 error /bin/sh: webpack: command not found
12 error error Command failed with exit code 127.
12 error $ NODE_ENV=production webpack --bail
12 error info Visit https://yarnpkg.com/en/docs/cli/run for documentation about this command.
12 error
12 error     at /Users/akouki/Documents/Splunks/splunkui/conf2021/node_modules/lerna/node_modules/execa/index.js:236:11
